2025-05-07 18:36:36,763 INFO User: I need a train from Norwich to London on July 15, return two days later.
2025-05-07 18:36:37,496 INFO Parsed intent=find_ticket, confidence=0.07, slots={'date': datetime.date(2025, 7, 15), 'return_date': datetime.date(2025, 7, 17), 'departure': 'NWI', 'destination': None, 'trip_type': 'return'}
2025-05-07 18:36:37,496 INFO Asking confirmation of stations
2025-05-07 18:36:37,574 INFO Bot: Just to confirm: you want to travel from NWI to None, correct?
2025-05-07 18:38:16,495 INFO Application closed by user.
2025-05-07 18:38:29,270 INFO User: I need a train from Norwich to London on July 15, return two days later.
2025-05-07 18:38:29,980 INFO Parsed intent=find_ticket, confidence=0.07, slots={'date': datetime.date(2025, 7, 15), 'return_date': datetime.date(2025, 7, 17), 'departure': 'NWI', 'destination': 'LST', 'trip_type': 'return'}
2025-05-07 18:38:29,980 INFO Asking confirmation of stations
2025-05-07 18:38:30,080 INFO Bot: Just to confirm: you want to travel from NWI to LST, correct?
2025-05-07 18:38:34,286 INFO User: yes
2025-05-07 18:38:34,331 INFO Parsed intent=unsupported, confidence=0.00, slots={}
2025-05-07 18:38:34,331 INFO Fallback: unsupported intent or low confidence
2025-05-07 18:38:34,331 INFO Bot: Sorry, I can only help with UK train enquiries. Could you rephrase or ask about train tickets or delays?
2025-05-07 18:39:30,845 INFO Application closed by user.
2025-05-07 18:39:44,228 INFO User: I need a train from Norwich to London on July 15, return two days later.
2025-05-07 18:39:44,951 INFO Parsed intent=find_ticket, confidence=0.07, slots={'date': datetime.date(2025, 7, 15), 'return_date': datetime.date(2025, 7, 17), 'departure': 'NWI', 'destination': 'LST', 'trip_type': 'return'}
2025-05-07 18:39:44,951 INFO Asking confirmation of stations
2025-05-07 18:39:44,999 INFO Bot: Just to confirm: you want to travel from NWI to LST, correct?
2025-05-07 18:39:52,675 INFO User: yes this is correct
2025-05-07 18:39:52,774 INFO Parsed intent=unsupported, confidence=0.00, slots={}
2025-05-07 18:39:52,774 INFO Bot: (Info needed) What time would you prefer?
2025-05-07 18:40:00,566 INFO User: 1pm
2025-05-07 18:40:00,587 INFO Parsed intent=unsupported, confidence=0.00, slots={}
2025-05-07 18:40:00,588 INFO Bot: (Info needed) What time would you prefer?
2025-05-07 18:40:08,169 INFO User: 12:00
2025-05-07 18:40:08,216 INFO Parsed intent=unsupported, confidence=0.00, slots={'date': datetime.date(2025, 5, 8), 'time': datetime.time(12, 0)}
2025-05-07 18:40:08,216 INFO All slots filled: {'date': datetime.date(2025, 5, 8), 'return_date': datetime.date(2025, 7, 17), 'departure': 'NWI', 'destination': 'LST', 'trip_type': 'return', 'time': datetime.time(12, 0)}, initiating ticket search
2025-05-07 18:40:23,222 ERROR Ticket search timed out
2025-05-07 18:40:23,229 INFO Bot: Sorry, searching for tickets is taking too long. Please try again later.
